2026-01-28 20:38:13 | INFO | INIT | SUCCESS | Gmail client initialized (read-only mode)
2026-01-28 20:38:14 | INFO | READ | SUCCESS | getProfile: matthew@levinelegal.ca
2026-01-28 20:38:14 | INFO | READ | SUCCESS | listMessages: 5 messages returned (query=None)
2026-01-28 20:38:14 | INFO | READ | SUCCESS | listLabels: 76 labels returned
2026-01-28 20:38:14 | WARNING | BLOCKED | FAILURE | Prohibited method attempted: users.messages.send
2026-01-28 20:38:14 | WARNING | BLOCKED | FAILURE | Prohibited method attempted: users.messages.delete
2026-01-28 20:38:14 | WARNING | BLOCKED | FAILURE | Prohibited method attempted: users.drafts.create
2026-01-28 21:12:20 | INFO | INIT | SUCCESS | Gmail client initialized (read-only mode)
2026-01-28 21:12:21 | INFO | READ | SUCCESS | listMessages: 100 messages returned (query=None)
2026-01-28 21:12:21 | INFO | READ | SUCCESS | getMessage: id=19c077b0db11aff0, format=metadata
2026-01-28 21:12:21 | INFO | READ | SUCCESS | getMessage: id=19c07714cf736ef2, format=metadata
2026-01-28 21:12:21 | INFO | READ | SUCCESS | getMessage: id=19c074a55ef64ca2, format=metadata
2026-01-28 21:12:22 | INFO | READ | SUCCESS | getMessage: id=19c073009ae5f3c1, format=metadata
2026-01-28 21:12:22 | INFO | READ | SUCCESS | getMessage: id=19c07229cd108830, format=metadata
2026-01-28 21:12:22 | INFO | READ | SUCCESS | getMessage: id=19c0722773e1f24f, format=metadata
2026-01-28 21:12:22 | INFO | READ | SUCCESS | getMessage: id=19c071a1e803e5c4, format=metadata
2026-01-28 21:12:22 | INFO | READ | SUCCESS | getMessage: id=19c07153b7588c80, format=metadata
2026-01-28 21:12:23 | INFO | READ | SUCCESS | getMessage: id=19c0713a4c63697f, format=metadata
2026-01-28 21:12:23 | INFO | READ | SUCCESS | getMessage: id=19c0713085afda68, format=metadata
2026-01-28 21:12:23 | INFO | READ | SUCCESS | getMessage: id=19c070aa4b9a157a, format=metadata
2026-01-28 21:12:23 | INFO | READ | SUCCESS | getMessage: id=19c0709369eddf05, format=metadata
2026-01-28 21:12:23 | INFO | READ | SUCCESS | getMessage: id=19c06fdb81dba189, format=metadata
2026-01-28 21:12:23 | INFO | READ | SUCCESS | getMessage: id=19c06f96d9f93754, format=metadata
2026-01-28 21:12:24 | INFO | READ | SUCCESS | getMessage: id=19c06f4a823903b2, format=metadata
2026-01-28 21:12:24 | INFO | READ | SUCCESS | getMessage: id=19c06f3e44412841, format=metadata
2026-01-28 21:12:24 | INFO | READ | SUCCESS | getMessage: id=19c06f252a582f3e, format=metadata
2026-01-28 21:12:24 | INFO | READ | SUCCESS | getMessage: id=19c06effd50e9d3f, format=metadata
2026-01-28 21:12:24 | INFO | READ | SUCCESS | getMessage: id=19c06ea6f230b37d, format=metadata
2026-01-28 21:12:25 | INFO | READ | SUCCESS | getMessage: id=19c06e716dec8384, format=metadata
2026-01-28 21:12:25 | INFO | READ | SUCCESS | getMessage: id=19c06dc658604053, format=metadata
2026-01-28 21:12:25 | INFO | READ | SUCCESS | getMessage: id=19c06db63b87dd9c, format=metadata
2026-01-28 21:12:25 | INFO | READ | SUCCESS | getMessage: id=19c06d61c2093e11, format=metadata
2026-01-28 21:12:25 | INFO | READ | SUCCESS | getMessage: id=19c06ce8874e292f, format=metadata
2026-01-28 21:12:26 | INFO | READ | SUCCESS | getMessage: id=19c06cd8da6706be, format=metadata
2026-01-28 21:12:26 | INFO | READ | SUCCESS | getMessage: id=19c06c8570e5ae5b, format=metadata
2026-01-28 21:12:26 | INFO | READ | SUCCESS | getMessage: id=19c06c84bb22b1ca, format=metadata
2026-01-28 21:12:26 | INFO | READ | SUCCESS | getMessage: id=19c06c614a5672f2, format=metadata
2026-01-28 21:12:26 | INFO | READ | SUCCESS | getMessage: id=19c06c4457616e6c, format=metadata
2026-01-28 21:12:27 | INFO | READ | SUCCESS | getMessage: id=19c06c31f3f2377f, format=metadata
2026-01-28 21:12:27 | INFO | READ | SUCCESS | getMessage: id=19c06bc9bd1b044e, format=metadata
2026-01-28 21:12:27 | INFO | READ | SUCCESS | getMessage: id=19c06bbf2b6f3792, format=metadata
2026-01-28 21:12:27 | INFO | READ | SUCCESS | getMessage: id=19c06b1ba059cb0d, format=metadata
2026-01-28 21:12:27 | INFO | READ | SUCCESS | getMessage: id=19c06b197c118a23, format=metadata
2026-01-28 21:12:27 | INFO | READ | SUCCESS | getMessage: id=19c06a74bd639537, format=metadata
2026-01-28 21:12:28 | INFO | READ | SUCCESS | getMessage: id=19c06a61693b12c8, format=metadata
2026-01-28 21:12:28 | INFO | READ | SUCCESS | getMessage: id=19c06a5b86edcfd3, format=metadata
2026-01-28 21:12:28 | INFO | READ | SUCCESS | getMessage: id=19c06a57fd3ed7f8, format=metadata
2026-01-28 21:12:28 | INFO | READ | SUCCESS | getMessage: id=19c06a55e60223ba, format=metadata
2026-01-28 21:12:28 | INFO | READ | SUCCESS | getMessage: id=19c06a53dd21fd5a, format=metadata
2026-01-28 21:12:29 | INFO | READ | SUCCESS | getMessage: id=19c06a4ea455c748, format=metadata
2026-01-28 21:12:29 | INFO | READ | SUCCESS | getMessage: id=19c06a4b44f6a774, format=metadata
2026-01-28 21:12:29 | INFO | READ | SUCCESS | getMessage: id=19c06a4779832ae4, format=metadata
2026-01-28 21:12:29 | INFO | READ | SUCCESS | getMessage: id=19c06a419afdb0ef, format=metadata
2026-01-28 21:12:29 | INFO | READ | SUCCESS | getMessage: id=19c06a3bb1547e3e, format=metadata
2026-01-28 21:12:29 | INFO | READ | SUCCESS | getMessage: id=19c06a3905ce919f, format=metadata
2026-01-28 21:12:30 | INFO | READ | SUCCESS | getMessage: id=19c069f86e09e3b4, format=metadata
2026-01-28 21:12:30 | INFO | READ | SUCCESS | getMessage: id=19c069ea8cc1f9a7, format=metadata
2026-01-28 21:12:30 | INFO | READ | SUCCESS | getMessage: id=19c069d1922f94d1, format=metadata
2026-01-28 21:12:30 | INFO | READ | SUCCESS | getMessage: id=19c069780596323d, format=metadata
2026-01-28 21:12:30 | INFO | READ | SUCCESS | getMessage: id=19c06959a88aa212, format=metadata
2026-01-28 21:12:31 | INFO | READ | SUCCESS | getMessage: id=19c0685f63d79b4a, format=metadata
2026-01-28 21:12:31 | INFO | READ | SUCCESS | getMessage: id=19c0685d4afa08a7, format=metadata
2026-01-28 21:12:31 | INFO | READ | SUCCESS | getMessage: id=19c0678b9239968c, format=metadata
2026-01-28 21:12:31 | INFO | READ | SUCCESS | getMessage: id=19c0675996c43af4, format=metadata
2026-01-28 21:12:31 | INFO | READ | SUCCESS | getMessage: id=19c0674eb743e1b0, format=metadata
2026-01-28 21:12:33 | INFO | READ | SUCCESS | getMessage: id=19c067150aeec2c8, format=metadata
2026-01-28 21:12:33 | INFO | READ | SUCCESS | getMessage: id=19c06680070e07e1, format=metadata
2026-01-28 21:12:33 | INFO | READ | SUCCESS | getMessage: id=19c0667f60db04fd, format=metadata
2026-01-28 21:12:34 | INFO | READ | SUCCESS | getMessage: id=19c066528e549f66, format=metadata
2026-01-28 21:12:34 | INFO | READ | SUCCESS | getMessage: id=19c0663f4141b4db, format=metadata
2026-01-28 21:12:34 | INFO | READ | SUCCESS | getMessage: id=19c066035f713752, format=metadata
2026-01-28 21:12:34 | INFO | READ | SUCCESS | getMessage: id=19c065920b6428cf, format=metadata
2026-01-28 21:12:34 | INFO | READ | SUCCESS | getMessage: id=19c0656875a9f684, format=metadata
2026-01-28 21:12:35 | INFO | READ | SUCCESS | getMessage: id=19c064d4d05631b4, format=metadata
2026-01-28 21:12:35 | INFO | READ | SUCCESS | getMessage: id=19c063dca39a9391, format=metadata
2026-01-28 21:12:35 | INFO | READ | SUCCESS | getMessage: id=19c062239490c54c, format=metadata
2026-01-28 21:12:35 | INFO | READ | SUCCESS | getMessage: id=19c0618c67fdb0c7, format=metadata
2026-01-28 21:12:35 | INFO | READ | SUCCESS | getMessage: id=19c0609e590be5f4, format=metadata
2026-01-28 21:12:36 | INFO | READ | SUCCESS | getMessage: id=19c06083fc1238fe, format=metadata
2026-01-28 21:12:36 | INFO | READ | SUCCESS | getMessage: id=19c060816b10df2f, format=metadata
2026-01-28 21:12:36 | INFO | READ | SUCCESS | getMessage: id=19c0606031817b9c, format=metadata
2026-01-28 21:12:36 | INFO | READ | SUCCESS | getMessage: id=19c0604efaeb2511, format=metadata
2026-01-28 21:12:36 | INFO | READ | SUCCESS | getMessage: id=19c05fb9d6b72769, format=metadata
2026-01-28 21:12:37 | INFO | READ | SUCCESS | getMessage: id=19c05fadf986d569, format=metadata
2026-01-28 21:12:37 | INFO | READ | SUCCESS | getMessage: id=19c05f873e08cc2c, format=metadata
2026-01-28 21:12:37 | INFO | READ | SUCCESS | getMessage: id=19c05f527cb9e073, format=metadata
2026-01-28 21:12:37 | INFO | READ | SUCCESS | getMessage: id=19c05f3eff88bfe1, format=metadata
2026-01-28 21:12:37 | INFO | READ | SUCCESS | getMessage: id=19c05e36bf4f36cb, format=metadata
2026-01-28 21:12:38 | INFO | READ | SUCCESS | getMessage: id=19c05e247f9b241f, format=metadata
2026-01-28 21:12:38 | INFO | READ | SUCCESS | getMessage: id=19c05e20254ac46e, format=metadata
2026-01-28 21:12:38 | INFO | READ | SUCCESS | getMessage: id=19c05dfb736a9015, format=metadata
2026-01-28 21:12:38 | INFO | READ | SUCCESS | getMessage: id=19c05ddfb150fe59, format=metadata
2026-01-28 21:12:38 | INFO | READ | SUCCESS | getMessage: id=19c05da9317e890e, format=metadata
2026-01-28 21:12:38 | INFO | READ | SUCCESS | getMessage: id=19c05d8cf415ce57, format=metadata
2026-01-28 21:12:39 | INFO | READ | SUCCESS | getMessage: id=19c05d84668d4b8c, format=metadata
2026-01-28 21:12:39 | INFO | READ | SUCCESS | getMessage: id=19c05bf7ed1126ec, format=metadata
2026-01-28 21:12:39 | INFO | READ | SUCCESS | getMessage: id=19c05bc11cb5df02, format=metadata
2026-01-28 21:12:39 | INFO | READ | SUCCESS | getMessage: id=19c05bbc0152b2be, format=metadata
2026-01-28 21:12:39 | INFO | READ | SUCCESS | getMessage: id=19c05bb41f98f89f, format=metadata
2026-01-28 21:12:40 | INFO | READ | SUCCESS | getMessage: id=19c058dad86ece39, format=metadata
2026-01-28 21:12:40 | INFO | READ | SUCCESS | getMessage: id=19c058dab78ebdf1, format=metadata
2026-01-28 21:12:40 | INFO | READ | SUCCESS | getMessage: id=19c05802e7e6b125, format=metadata
2026-01-28 21:12:40 | INFO | READ | SUCCESS | getMessage: id=19c0562c90dd5d3c, format=metadata
2026-01-28 21:12:40 | INFO | READ | SUCCESS | getMessage: id=19c0559493d7471e, format=metadata
2026-01-28 21:12:40 | INFO | READ | SUCCESS | getMessage: id=19c054b243e325c6, format=metadata
2026-01-28 21:12:41 | INFO | READ | SUCCESS | getMessage: id=19c054695709fe26, format=metadata
2026-01-28 21:12:41 | INFO | READ | SUCCESS | getMessage: id=19c0536f8979dfd6, format=metadata
2026-01-28 21:12:41 | INFO | READ | SUCCESS | getMessage: id=19c053286e0fee6b, format=metadata
2026-01-28 21:12:41 | INFO | READ | SUCCESS | getMessage: id=19c051ee9db773d4, format=metadata
2026-01-29 22:59:56 | INFO | INIT | SUCCESS | Gmail client initialized (read-only mode)
2026-01-29 22:59:56 | INFO | READ | SUCCESS | listMessages: 100 messages returned (query=None)
2026-01-29 22:59:57 | INFO | READ | SUCCESS | getMessage: id=19c0cf8c94299e82, format=metadata
2026-01-29 22:59:57 | INFO | READ | SUCCESS | getMessage: id=19c0cef9c3ed0f3e, format=metadata
2026-01-29 22:59:57 | INFO | READ | SUCCESS | getMessage: id=19c0cd8c7f05cd6b, format=metadata
2026-01-29 22:59:57 | INFO | READ | SUCCESS | getMessage: id=19c0cd5e6db5f964, format=metadata
2026-01-29 22:59:57 | INFO | READ | SUCCESS | getMessage: id=19c0cd5a9cbee8ca, format=metadata
2026-01-29 22:59:58 | INFO | READ | SUCCESS | getMessage: id=19c0cd256fab7963, format=metadata
2026-01-29 22:59:58 | INFO | READ | SUCCESS | getMessage: id=19c0cce06a2efec8, format=metadata
2026-01-29 22:59:58 | INFO | READ | SUCCESS | getMessage: id=19c0c9f3f36d6c35, format=metadata
2026-01-29 22:59:58 | INFO | READ | SUCCESS | getMessage: id=19c0c97cf4a7b48d, format=metadata
2026-01-29 22:59:58 | INFO | READ | SUCCESS | getMessage: id=19c0c974a1ea9e03, format=metadata
2026-01-29 22:59:58 | INFO | READ | SUCCESS | getMessage: id=19c0c8d1b5cfa5cf, format=metadata
2026-01-29 22:59:59 | INFO | READ | SUCCESS | getMessage: id=19c0c83f9b2bdc90, format=metadata
2026-01-29 22:59:59 | INFO | READ | SUCCESS | getMessage: id=19c0c7aab5e2d0fb, format=metadata
2026-01-29 22:59:59 | INFO | READ | SUCCESS | getMessage: id=19c0c67f49cc9ed1, format=metadata
2026-01-29 22:59:59 | INFO | READ | SUCCESS | getMessage: id=19c0c55a2ca08f6e, format=metadata
2026-01-29 22:59:59 | INFO | READ | SUCCESS | getMessage: id=19c0c2ae870ee709, format=metadata
2026-01-29 23:00:00 | INFO | READ | SUCCESS | getMessage: id=19c0c198e040a41b, format=metadata
2026-01-29 23:00:00 | INFO | READ | SUCCESS | getMessage: id=19c0be828ea933d4, format=metadata
2026-01-29 23:00:00 | INFO | READ | SUCCESS | getMessage: id=19c0bc55019be4a0, format=metadata
2026-01-29 23:00:00 | INFO | READ | SUCCESS | getMessage: id=19c0bbbd9256d760, format=metadata
2026-01-29 23:00:00 | INFO | READ | SUCCESS | getMessage: id=19c0bad69bcb1723, format=metadata
2026-01-29 23:00:01 | INFO | READ | SUCCESS | getMessage: id=19c0baac9dbc2262, format=metadata
2026-01-29 23:00:01 | INFO | READ | SUCCESS | getMessage: id=19c0ba1a2c7d7c2a, format=metadata
2026-01-29 23:00:01 | INFO | READ | SUCCESS | getMessage: id=19c0b91b803ed0c8, format=metadata
2026-01-29 23:00:01 | INFO | READ | SUCCESS | getMessage: id=19c0b915cbd59c84, format=metadata
2026-01-29 23:00:01 | INFO | READ | SUCCESS | getMessage: id=19c0b9101d0b18bb, format=metadata
2026-01-29 23:00:01 | INFO | READ | SUCCESS | getMessage: id=19c0b8e219dfbc61, format=metadata
2026-01-29 23:00:02 | INFO | READ | SUCCESS | getMessage: id=19c0b8523a06d64d, format=metadata
2026-01-29 23:00:02 | INFO | READ | SUCCESS | getMessage: id=19c0b79f02e1c3ac, format=metadata
2026-01-29 23:00:02 | INFO | READ | SUCCESS | getMessage: id=19c0b6ead784a28d, format=metadata
2026-01-29 23:00:02 | INFO | READ | SUCCESS | getMessage: id=19c0b6d105762bce, format=metadata
2026-01-29 23:00:03 | INFO | READ | SUCCESS | getMessage: id=19c0b6299db3caaf, format=metadata
2026-01-29 23:00:03 | INFO | READ | SUCCESS | getMessage: id=19c0b5752607a299, format=metadata
2026-01-29 23:00:03 | INFO | READ | SUCCESS | getMessage: id=19c0b44eb1b52bd8, format=metadata
2026-01-29 23:00:03 | INFO | READ | SUCCESS | getMessage: id=19c0b30300aa8386, format=metadata
2026-01-29 23:00:03 | INFO | READ | SUCCESS | getMessage: id=19c0b2abd2e85264, format=metadata
2026-01-29 23:00:04 | INFO | READ | SUCCESS | getMessage: id=19c0b295e72e825c, format=metadata
2026-01-29 23:00:04 | INFO | READ | SUCCESS | getMessage: id=19c0b24d63e46f5d, format=metadata
2026-01-29 23:00:04 | INFO | READ | SUCCESS | getMessage: id=19c0b21fdac0d0e8, format=metadata
2026-01-29 23:00:04 | INFO | READ | SUCCESS | getMessage: id=19c0b1e1694aa332, format=metadata
2026-01-29 23:00:04 | INFO | READ | SUCCESS | getMessage: id=19c0b02785a6228c, format=metadata
2026-01-29 23:00:05 | INFO | READ | SUCCESS | getMessage: id=19c0b02615ef1a9e, format=metadata
2026-01-29 23:00:05 | INFO | READ | SUCCESS | getMessage: id=19c0b013fe6f8de1, format=metadata
2026-01-29 23:00:05 | INFO | READ | SUCCESS | getMessage: id=19c0afeb6f8e1a7e, format=metadata
2026-01-29 23:00:05 | INFO | READ | SUCCESS | getMessage: id=19c0aefa8f3099ad, format=metadata
2026-01-29 23:00:05 | INFO | READ | SUCCESS | getMessage: id=19c0adab6b309590, format=metadata
2026-01-29 23:00:05 | INFO | READ | SUCCESS | getMessage: id=19c0acde0f8c6209, format=metadata
2026-01-29 23:00:06 | INFO | READ | SUCCESS | getMessage: id=19c0ac982bb58562, format=metadata
2026-01-29 23:00:06 | INFO | READ | SUCCESS | getMessage: id=19c0ac5d07a9ece6, format=metadata
2026-01-29 23:00:06 | INFO | READ | SUCCESS | getMessage: id=19c0ac5003ea7d45, format=metadata
2026-01-29 23:00:06 | INFO | READ | SUCCESS | getMessage: id=19c0aa02af193fe4, format=metadata
2026-01-29 23:00:06 | INFO | READ | SUCCESS | getMessage: id=19c0a9c054fd5092, format=metadata
2026-01-29 23:00:07 | INFO | READ | SUCCESS | getMessage: id=19c0a97372607aeb, format=metadata
2026-01-29 23:00:07 | INFO | READ | SUCCESS | getMessage: id=19c0a906e8960fe2, format=metadata
2026-01-29 23:00:07 | INFO | READ | SUCCESS | getMessage: id=19c0a86ecce2ce73, format=metadata
2026-01-29 23:00:07 | INFO | READ | SUCCESS | getMessage: id=19c0a78099e03441, format=metadata
2026-01-29 23:00:07 | INFO | READ | SUCCESS | getMessage: id=19c0a73cecaf0d3f, format=metadata
2026-01-29 23:00:07 | INFO | READ | SUCCESS | getMessage: id=19c0a71814d85470, format=metadata
2026-01-29 23:00:08 | INFO | READ | SUCCESS | getMessage: id=19c0a502ba7e05d0, format=metadata
2026-01-29 23:00:08 | INFO | READ | SUCCESS | getMessage: id=19c0a4f7b9dbd09b, format=metadata
2026-01-29 23:00:08 | INFO | READ | SUCCESS | getMessage: id=19c0a4f0e10e1bd0, format=metadata
2026-01-29 23:00:08 | INFO | READ | SUCCESS | getMessage: id=19c0a4d952a781d4, format=metadata
2026-01-29 23:00:08 | INFO | READ | SUCCESS | getMessage: id=19c0a4bd870b8779, format=metadata
2026-01-29 23:00:09 | INFO | READ | SUCCESS | getMessage: id=19c0a3d02f94ec3c, format=metadata
2026-01-29 23:00:09 | INFO | READ | SUCCESS | getMessage: id=19c0a3ce72f593a3, format=metadata
2026-01-29 23:00:09 | INFO | READ | SUCCESS | getMessage: id=19c0a3c869761d6e, format=metadata
2026-01-29 23:00:09 | INFO | READ | SUCCESS | getMessage: id=19c0a37dc8c940bd, format=metadata
2026-01-29 23:00:09 | INFO | READ | SUCCESS | getMessage: id=19c0a2b33c92543f, format=metadata
2026-01-29 23:00:10 | INFO | READ | SUCCESS | getMessage: id=19c0a0f11da754cb, format=metadata
2026-01-29 23:00:10 | INFO | READ | SUCCESS | getMessage: id=19c0a0f0bf876b3f, format=metadata
2026-01-29 23:00:10 | INFO | READ | SUCCESS | getMessage: id=19c0a0e8a72b5dd7, format=metadata
2026-01-29 23:00:10 | INFO | READ | SUCCESS | getMessage: id=19c0a0e631daede6, format=metadata
2026-01-29 23:00:10 | INFO | READ | SUCCESS | getMessage: id=19c0a0ce947421be, format=metadata
2026-01-29 23:00:10 | INFO | READ | SUCCESS | getMessage: id=19c0a0c98c9e4ee0, format=metadata
2026-01-29 23:00:11 | INFO | READ | SUCCESS | getMessage: id=19c0a0b8d5e6738f, format=metadata
2026-01-29 23:00:11 | INFO | READ | SUCCESS | getMessage: id=19c0a073ed50bd09, format=metadata
2026-01-29 23:00:11 | INFO | READ | SUCCESS | getMessage: id=19c0a0708ca85aa5, format=metadata
2026-01-29 23:00:11 | INFO | READ | SUCCESS | getMessage: id=19c0a06051409265, format=metadata
2026-01-29 23:00:11 | INFO | READ | SUCCESS | getMessage: id=19c0a04cfa6a2692, format=metadata
2026-01-29 23:00:12 | INFO | READ | SUCCESS | getMessage: id=19c0a04377548ac0, format=metadata
2026-01-29 23:00:12 | INFO | READ | SUCCESS | getMessage: id=19c0a03689b67147, format=metadata
2026-01-29 23:00:12 | INFO | READ | SUCCESS | getMessage: id=19c0a035c2f062a4, format=metadata
2026-01-29 23:00:12 | INFO | READ | SUCCESS | getMessage: id=19c09ecbd3b0b9fd, format=metadata
2026-01-29 23:00:12 | INFO | READ | SUCCESS | getMessage: id=19c09eb38f59c30b, format=metadata
2026-01-29 23:00:13 | INFO | READ | SUCCESS | getMessage: id=19c09e4fa429bf19, format=metadata
2026-01-29 23:00:13 | INFO | READ | SUCCESS | getMessage: id=19c09dea25c5720e, format=metadata
2026-01-29 23:00:13 | INFO | READ | SUCCESS | getMessage: id=19c09dc26f978dab, format=metadata
2026-01-29 23:00:13 | INFO | READ | SUCCESS | getMessage: id=19c09d9d4975adc3, format=metadata
2026-01-29 23:00:13 | INFO | READ | SUCCESS | getMessage: id=19c09d576fe04011, format=metadata
2026-01-29 23:00:13 | INFO | READ | SUCCESS | getMessage: id=19c09cba28993397, format=metadata
2026-01-29 23:00:14 | INFO | READ | SUCCESS | getMessage: id=19c098c1a4e7a158, format=metadata
2026-01-29 23:00:14 | INFO | READ | SUCCESS | getMessage: id=19c098bff946a269, format=metadata
2026-01-29 23:00:14 | INFO | READ | SUCCESS | getMessage: id=19c0987d9ae86821, format=metadata
2026-01-29 23:00:14 | INFO | READ | SUCCESS | getMessage: id=19c090d6ff423ea6, format=metadata
2026-01-29 23:00:14 | INFO | READ | SUCCESS | getMessage: id=19c090c5791fed74, format=metadata
2026-01-29 23:00:15 | INFO | READ | SUCCESS | getMessage: id=19c08fb9acff7235, format=metadata
2026-01-29 23:00:15 | INFO | READ | SUCCESS | getMessage: id=19c08e4dba75d248, format=metadata
2026-01-29 23:00:15 | INFO | READ | SUCCESS | getMessage: id=19c08cb1b226c662, format=metadata
2026-01-29 23:00:15 | INFO | READ | SUCCESS | getMessage: id=19c088df35febb8e, format=metadata
2026-01-29 23:00:15 | INFO | READ | SUCCESS | getMessage: id=19c0839e586533e7, format=metadata
2026-01-30 01:12:06 | INFO | INIT | SUCCESS | Gmail client initialized (read-only mode)
2026-01-30 01:12:07 | INFO | READ | SUCCESS | getMessage: id=19c0987d9ae86821, format=metadata
2026-01-30 01:12:31 | INFO | INIT | SUCCESS | Gmail client initialized (read-only mode)
2026-01-30 01:12:31 | INFO | READ | SUCCESS | getMessage: id=19c0a035c2f062a4, format=metadata
2026-01-30 01:30:43 | INFO | INIT | SUCCESS | Gmail client initialized (read-only mode)
2026-01-30 01:30:44 | INFO | READ | SUCCESS | getMessage: id=19c0839e586533e7, format=metadata
2026-01-30 01:30:44 | INFO | READ | SUCCESS | getMessage: id=19c088df35febb8e, format=metadata
2026-01-30 01:30:44 | INFO | READ | SUCCESS | getMessage: id=19c08cb1b226c662, format=metadata
2026-01-30 01:30:44 | INFO | READ | SUCCESS | getMessage: id=19c08e4dba75d248, format=metadata
2026-01-30 01:30:45 | INFO | READ | SUCCESS | getMessage: id=19c08fb9acff7235, format=metadata
2026-01-30 01:30:45 | INFO | READ | SUCCESS | getMessage: id=19c090c5791fed74, format=metadata
2026-01-30 01:30:45 | INFO | READ | SUCCESS | getMessage: id=19c090d6ff423ea6, format=metadata
2026-01-30 01:30:45 | INFO | READ | SUCCESS | getMessage: id=19c0987d9ae86821, format=metadata
2026-01-30 01:30:45 | INFO | READ | SUCCESS | getMessage: id=19c098bff946a269, format=metadata
2026-01-30 01:30:45 | INFO | READ | SUCCESS | getMessage: id=19c098c1a4e7a158, format=metadata
2026-01-30 01:40:01 | INFO | INIT | SUCCESS | Gmail client initialized (read-only mode)
2026-01-30 01:40:01 | INFO | READ | SUCCESS | listMessages: 100 messages returned (query=None)
2026-01-30 01:40:01 | INFO | READ | SUCCESS | getMessage: id=19c0d87538b6f0d7, format=metadata
2026-01-30 01:40:02 | INFO | READ | SUCCESS | getMessage: id=19c0d66421313d8e, format=metadata
2026-01-30 01:40:02 | INFO | READ | SUCCESS | getMessage: id=19c0d59c269a23f8, format=metadata
2026-01-30 01:40:02 | INFO | READ | SUCCESS | getMessage: id=19c0d0fbf60056ec, format=metadata
2026-01-30 01:40:02 | INFO | READ | SUCCESS | getMessage: id=19c0cf8c94299e82, format=metadata
2026-01-30 01:40:02 | INFO | READ | SUCCESS | getMessage: id=19c0cef9c3ed0f3e, format=metadata
2026-01-30 01:40:03 | INFO | READ | SUCCESS | getMessage: id=19c0cd8c7f05cd6b, format=metadata
2026-01-30 01:40:03 | INFO | READ | SUCCESS | getMessage: id=19c0cd5e6db5f964, format=metadata
2026-01-30 01:40:03 | INFO | READ | SUCCESS | getMessage: id=19c0cd5a9cbee8ca, format=metadata
2026-01-30 01:40:03 | INFO | READ | SUCCESS | getMessage: id=19c0cd256fab7963, format=metadata
2026-01-30 01:40:03 | INFO | READ | SUCCESS | getMessage: id=19c0cce06a2efec8, format=metadata
2026-01-30 01:40:04 | INFO | READ | SUCCESS | getMessage: id=19c0c9f3f36d6c35, format=metadata
2026-01-30 01:40:04 | INFO | READ | SUCCESS | getMessage: id=19c0c97cf4a7b48d, format=metadata
2026-01-30 01:40:04 | INFO | READ | SUCCESS | getMessage: id=19c0c974a1ea9e03, format=metadata
2026-01-30 01:40:04 | INFO | READ | SUCCESS | getMessage: id=19c0c8d1b5cfa5cf, format=metadata
2026-01-30 01:40:04 | INFO | READ | SUCCESS | getMessage: id=19c0c83f9b2bdc90, format=metadata
2026-01-30 01:40:05 | INFO | READ | SUCCESS | getMessage: id=19c0c7aab5e2d0fb, format=metadata
2026-01-30 01:40:05 | INFO | READ | SUCCESS | getMessage: id=19c0c67f49cc9ed1, format=metadata
2026-01-30 01:40:05 | INFO | READ | SUCCESS | getMessage: id=19c0c55a2ca08f6e, format=metadata
2026-01-30 01:40:05 | INFO | READ | SUCCESS | getMessage: id=19c0c2ae870ee709, format=metadata
2026-01-30 01:40:05 | INFO | READ | SUCCESS | getMessage: id=19c0c198e040a41b, format=metadata
2026-01-30 01:40:05 | INFO | READ | SUCCESS | getMessage: id=19c0be828ea933d4, format=metadata
2026-01-30 01:40:06 | INFO | READ | SUCCESS | getMessage: id=19c0bc55019be4a0, format=metadata
2026-01-30 01:40:06 | INFO | READ | SUCCESS | getMessage: id=19c0bbbd9256d760, format=metadata
2026-01-30 01:40:06 | INFO | READ | SUCCESS | getMessage: id=19c0bad69bcb1723, format=metadata
2026-01-30 01:40:06 | INFO | READ | SUCCESS | getMessage: id=19c0baac9dbc2262, format=metadata
2026-01-30 01:40:06 | INFO | READ | SUCCESS | getMessage: id=19c0ba1a2c7d7c2a, format=metadata
2026-01-30 01:40:07 | INFO | READ | SUCCESS | getMessage: id=19c0b91b803ed0c8, format=metadata
2026-01-30 01:40:07 | INFO | READ | SUCCESS | getMessage: id=19c0b915cbd59c84, format=metadata
2026-01-30 01:40:07 | INFO | READ | SUCCESS | getMessage: id=19c0b9101d0b18bb, format=metadata
2026-01-30 01:40:07 | INFO | READ | SUCCESS | getMessage: id=19c0b8e219dfbc61, format=metadata
2026-01-30 01:40:07 | INFO | READ | SUCCESS | getMessage: id=19c0b8523a06d64d, format=metadata
2026-01-30 01:40:08 | INFO | READ | SUCCESS | getMessage: id=19c0b79f02e1c3ac, format=metadata
2026-01-30 01:40:08 | INFO | READ | SUCCESS | getMessage: id=19c0b6ead784a28d, format=metadata
2026-01-30 01:40:08 | INFO | READ | SUCCESS | getMessage: id=19c0b6d105762bce, format=metadata
2026-01-30 01:40:08 | INFO | READ | SUCCESS | getMessage: id=19c0b6299db3caaf, format=metadata
2026-01-30 01:40:08 | INFO | READ | SUCCESS | getMessage: id=19c0b5752607a299, format=metadata
2026-01-30 01:40:09 | INFO | READ | SUCCESS | getMessage: id=19c0b44eb1b52bd8, format=metadata
2026-01-30 01:40:09 | INFO | READ | SUCCESS | getMessage: id=19c0b30300aa8386, format=metadata
2026-01-30 01:40:09 | INFO | READ | SUCCESS | getMessage: id=19c0b2abd2e85264, format=metadata
2026-01-30 01:40:09 | INFO | READ | SUCCESS | getMessage: id=19c0b295e72e825c, format=metadata
2026-01-30 01:40:09 | INFO | READ | SUCCESS | getMessage: id=19c0b24d63e46f5d, format=metadata
2026-01-30 01:40:09 | INFO | READ | SUCCESS | getMessage: id=19c0b21fdac0d0e8, format=metadata
2026-01-30 01:40:10 | INFO | READ | SUCCESS | getMessage: id=19c0b1e1694aa332, format=metadata
2026-01-30 01:40:10 | INFO | READ | SUCCESS | getMessage: id=19c0b02785a6228c, format=metadata
2026-01-30 01:40:10 | INFO | READ | SUCCESS | getMessage: id=19c0b02615ef1a9e, format=metadata
2026-01-30 01:40:10 | INFO | READ | SUCCESS | getMessage: id=19c0b013fe6f8de1, format=metadata
2026-01-30 01:40:10 | INFO | READ | SUCCESS | getMessage: id=19c0afeb6f8e1a7e, format=metadata
2026-01-30 01:40:11 | INFO | READ | SUCCESS | getMessage: id=19c0aefa8f3099ad, format=metadata
2026-01-30 01:40:11 | INFO | READ | SUCCESS | getMessage: id=19c0adab6b309590, format=metadata
2026-01-30 01:40:11 | INFO | READ | SUCCESS | getMessage: id=19c0acde0f8c6209, format=metadata
2026-01-30 01:40:11 | INFO | READ | SUCCESS | getMessage: id=19c0ac982bb58562, format=metadata
2026-01-30 01:40:11 | INFO | READ | SUCCESS | getMessage: id=19c0ac5d07a9ece6, format=metadata
2026-01-30 01:40:11 | INFO | READ | SUCCESS | getMessage: id=19c0ac5003ea7d45, format=metadata
2026-01-30 01:40:12 | INFO | READ | SUCCESS | getMessage: id=19c0aa02af193fe4, format=metadata
2026-01-30 01:40:12 | INFO | READ | SUCCESS | getMessage: id=19c0a9c054fd5092, format=metadata
2026-01-30 01:40:12 | INFO | READ | SUCCESS | getMessage: id=19c0a97372607aeb, format=metadata
2026-01-30 01:40:12 | INFO | READ | SUCCESS | getMessage: id=19c0a906e8960fe2, format=metadata
2026-01-30 01:40:12 | INFO | READ | SUCCESS | getMessage: id=19c0a86ecce2ce73, format=metadata
2026-01-30 01:40:13 | INFO | READ | SUCCESS | getMessage: id=19c0a78099e03441, format=metadata
2026-01-30 01:40:13 | INFO | READ | SUCCESS | getMessage: id=19c0a73cecaf0d3f, format=metadata
2026-01-30 01:40:13 | INFO | READ | SUCCESS | getMessage: id=19c0a71814d85470, format=metadata
2026-01-30 01:40:13 | INFO | READ | SUCCESS | getMessage: id=19c0a502ba7e05d0, format=metadata
2026-01-30 01:40:13 | INFO | READ | SUCCESS | getMessage: id=19c0a4f7b9dbd09b, format=metadata
2026-01-30 01:40:13 | INFO | READ | SUCCESS | getMessage: id=19c0a4f0e10e1bd0, format=metadata
2026-01-30 01:40:14 | INFO | READ | SUCCESS | getMessage: id=19c0a4d952a781d4, format=metadata
2026-01-30 01:40:14 | INFO | READ | SUCCESS | getMessage: id=19c0a4bd870b8779, format=metadata
2026-01-30 01:40:14 | INFO | READ | SUCCESS | getMessage: id=19c0a3d02f94ec3c, format=metadata
2026-01-30 01:40:14 | INFO | READ | SUCCESS | getMessage: id=19c0a3ce72f593a3, format=metadata
2026-01-30 01:40:14 | INFO | READ | SUCCESS | getMessage: id=19c0a3c869761d6e, format=metadata
2026-01-30 01:40:15 | INFO | READ | SUCCESS | getMessage: id=19c0a37dc8c940bd, format=metadata
2026-01-30 01:40:15 | INFO | READ | SUCCESS | getMessage: id=19c0a2b33c92543f, format=metadata
2026-01-30 01:40:15 | INFO | READ | SUCCESS | getMessage: id=19c0a0f11da754cb, format=metadata
2026-01-30 01:40:15 | INFO | READ | SUCCESS | getMessage: id=19c0a0f0bf876b3f, format=metadata
2026-01-30 01:40:15 | INFO | READ | SUCCESS | getMessage: id=19c0a0e8a72b5dd7, format=metadata
2026-01-30 01:40:15 | INFO | READ | SUCCESS | getMessage: id=19c0a0e631daede6, format=metadata
2026-01-30 01:40:16 | INFO | READ | SUCCESS | getMessage: id=19c0a0ce947421be, format=metadata
2026-01-30 01:40:16 | INFO | READ | SUCCESS | getMessage: id=19c0a0c98c9e4ee0, format=metadata
2026-01-30 01:40:16 | INFO | READ | SUCCESS | getMessage: id=19c0a0b8d5e6738f, format=metadata
2026-01-30 01:40:16 | INFO | READ | SUCCESS | getMessage: id=19c0a073ed50bd09, format=metadata
2026-01-30 01:40:16 | INFO | READ | SUCCESS | getMessage: id=19c0a0708ca85aa5, format=metadata
2026-01-30 01:40:17 | INFO | READ | SUCCESS | getMessage: id=19c0a06051409265, format=metadata
2026-01-30 01:40:17 | INFO | READ | SUCCESS | getMessage: id=19c0a04cfa6a2692, format=metadata
2026-01-30 01:40:17 | INFO | READ | SUCCESS | getMessage: id=19c0a04377548ac0, format=metadata
2026-01-30 01:40:17 | INFO | READ | SUCCESS | getMessage: id=19c0a03689b67147, format=metadata
2026-01-30 01:40:17 | INFO | READ | SUCCESS | getMessage: id=19c0a035c2f062a4, format=metadata
2026-01-30 01:40:17 | INFO | READ | SUCCESS | getMessage: id=19c09ecbd3b0b9fd, format=metadata
2026-01-30 01:40:18 | INFO | READ | SUCCESS | getMessage: id=19c09eb38f59c30b, format=metadata
2026-01-30 01:40:18 | INFO | READ | SUCCESS | getMessage: id=19c09e4fa429bf19, format=metadata
2026-01-30 01:40:18 | INFO | READ | SUCCESS | getMessage: id=19c09dea25c5720e, format=metadata
2026-01-30 01:40:18 | INFO | READ | SUCCESS | getMessage: id=19c09dc26f978dab, format=metadata
2026-01-30 01:40:18 | INFO | READ | SUCCESS | getMessage: id=19c09d9d4975adc3, format=metadata
2026-01-30 01:40:19 | INFO | READ | SUCCESS | getMessage: id=19c09d576fe04011, format=metadata
2026-01-30 01:40:19 | INFO | READ | SUCCESS | getMessage: id=19c09cba28993397, format=metadata
2026-01-30 01:40:19 | INFO | READ | SUCCESS | getMessage: id=19c098c1a4e7a158, format=metadata
2026-01-30 01:40:19 | INFO | READ | SUCCESS | getMessage: id=19c098bff946a269, format=metadata
2026-01-30 01:40:19 | INFO | READ | SUCCESS | getMessage: id=19c0987d9ae86821, format=metadata
2026-01-30 01:40:19 | INFO | READ | SUCCESS | getMessage: id=19c090d6ff423ea6, format=metadata
2026-01-30 01:40:20 | INFO | READ | SUCCESS | getMessage: id=19c090c5791fed74, format=metadata
2026-01-30 01:40:20 | INFO | READ | SUCCESS | getMessage: id=19c08fb9acff7235, format=metadata
2026-01-30 01:44:33 | INFO | INIT | SUCCESS | Gmail client initialized (read-only mode)
2026-01-30 01:44:33 | INFO | READ | SUCCESS | listMessages: 100 messages returned (query=None)
2026-01-30 01:44:33 | INFO | READ | SUCCESS | getMessage: id=19c0d87538b6f0d7, format=metadata
2026-01-30 01:44:34 | INFO | READ | SUCCESS | getMessage: id=19c0d66421313d8e, format=metadata
2026-01-30 01:44:34 | INFO | READ | SUCCESS | getMessage: id=19c0d59c269a23f8, format=metadata
2026-01-30 01:44:34 | INFO | READ | SUCCESS | getMessage: id=19c0d0fbf60056ec, format=metadata
2026-01-30 01:44:34 | INFO | READ | SUCCESS | getMessage: id=19c0cf8c94299e82, format=metadata
2026-01-30 01:44:34 | INFO | READ | SUCCESS | getMessage: id=19c0cef9c3ed0f3e, format=metadata
2026-01-30 01:44:34 | INFO | READ | SUCCESS | getMessage: id=19c0cd8c7f05cd6b, format=metadata
2026-01-30 01:44:35 | INFO | READ | SUCCESS | getMessage: id=19c0cd5e6db5f964, format=metadata
2026-01-30 01:44:35 | INFO | READ | SUCCESS | getMessage: id=19c0cd5a9cbee8ca, format=metadata
2026-01-30 01:44:35 | INFO | READ | SUCCESS | getMessage: id=19c0cd256fab7963, format=metadata
2026-01-30 01:44:35 | INFO | READ | SUCCESS | getMessage: id=19c0cce06a2efec8, format=metadata
2026-01-30 01:44:35 | INFO | READ | SUCCESS | getMessage: id=19c0c9f3f36d6c35, format=metadata
2026-01-30 01:44:36 | INFO | READ | SUCCESS | getMessage: id=19c0c97cf4a7b48d, format=metadata
2026-01-30 01:44:36 | INFO | READ | SUCCESS | getMessage: id=19c0c974a1ea9e03, format=metadata
2026-01-30 01:44:36 | INFO | READ | SUCCESS | getMessage: id=19c0c8d1b5cfa5cf, format=metadata
2026-01-30 01:44:36 | INFO | READ | SUCCESS | getMessage: id=19c0c83f9b2bdc90, format=metadata
2026-01-30 01:44:36 | INFO | READ | SUCCESS | getMessage: id=19c0c7aab5e2d0fb, format=metadata
2026-01-30 01:44:36 | INFO | READ | SUCCESS | getMessage: id=19c0c67f49cc9ed1, format=metadata
2026-01-30 01:44:37 | INFO | READ | SUCCESS | getMessage: id=19c0c55a2ca08f6e, format=metadata
2026-01-30 01:44:37 | INFO | READ | SUCCESS | getMessage: id=19c0c2ae870ee709, format=metadata
2026-01-30 01:44:37 | INFO | READ | SUCCESS | getMessage: id=19c0c198e040a41b, format=metadata
2026-01-30 01:44:37 | INFO | READ | SUCCESS | getMessage: id=19c0be828ea933d4, format=metadata
2026-01-30 01:44:37 | INFO | READ | SUCCESS | getMessage: id=19c0bc55019be4a0, format=metadata
2026-01-30 01:44:38 | INFO | READ | SUCCESS | getMessage: id=19c0bbbd9256d760, format=metadata
2026-01-30 01:44:38 | INFO | READ | SUCCESS | getMessage: id=19c0bad69bcb1723, format=metadata
2026-01-30 01:44:38 | INFO | READ | SUCCESS | getMessage: id=19c0baac9dbc2262, format=metadata
2026-01-30 01:44:38 | INFO | READ | SUCCESS | getMessage: id=19c0ba1a2c7d7c2a, format=metadata
2026-01-30 01:44:38 | INFO | READ | SUCCESS | getMessage: id=19c0b91b803ed0c8, format=metadata
2026-01-30 01:44:39 | INFO | READ | SUCCESS | getMessage: id=19c0b915cbd59c84, format=metadata
2026-01-30 01:44:39 | INFO | READ | SUCCESS | getMessage: id=19c0b9101d0b18bb, format=metadata
2026-01-30 01:44:39 | INFO | READ | SUCCESS | getMessage: id=19c0b8e219dfbc61, format=metadata
2026-01-30 01:44:39 | INFO | READ | SUCCESS | getMessage: id=19c0b8523a06d64d, format=metadata
2026-01-30 01:44:39 | INFO | READ | SUCCESS | getMessage: id=19c0b79f02e1c3ac, format=metadata
2026-01-30 01:44:39 | INFO | READ | SUCCESS | getMessage: id=19c0b6ead784a28d, format=metadata
2026-01-30 01:44:40 | INFO | READ | SUCCESS | getMessage: id=19c0b6d105762bce, format=metadata
2026-01-30 01:44:40 | INFO | READ | SUCCESS | getMessage: id=19c0b6299db3caaf, format=metadata
2026-01-30 01:44:40 | INFO | READ | SUCCESS | getMessage: id=19c0b5752607a299, format=metadata
2026-01-30 01:44:40 | INFO | READ | SUCCESS | getMessage: id=19c0b44eb1b52bd8, format=metadata
2026-01-30 01:44:40 | INFO | READ | SUCCESS | getMessage: id=19c0b30300aa8386, format=metadata
2026-01-30 01:44:41 | INFO | READ | SUCCESS | getMessage: id=19c0b2abd2e85264, format=metadata
2026-01-30 01:44:41 | INFO | READ | SUCCESS | getMessage: id=19c0b295e72e825c, format=metadata
2026-01-30 01:44:41 | INFO | READ | SUCCESS | getMessage: id=19c0b24d63e46f5d, format=metadata
2026-01-30 01:44:41 | INFO | READ | SUCCESS | getMessage: id=19c0b21fdac0d0e8, format=metadata
2026-01-30 01:44:41 | INFO | READ | SUCCESS | getMessage: id=19c0b1e1694aa332, format=metadata
2026-01-30 01:44:41 | INFO | READ | SUCCESS | getMessage: id=19c0b02785a6228c, format=metadata
2026-01-30 01:44:42 | INFO | READ | SUCCESS | getMessage: id=19c0b02615ef1a9e, format=metadata
2026-01-30 01:44:42 | INFO | READ | SUCCESS | getMessage: id=19c0b013fe6f8de1, format=metadata
2026-01-30 01:44:42 | INFO | READ | SUCCESS | getMessage: id=19c0afeb6f8e1a7e, format=metadata
2026-01-30 01:44:42 | INFO | READ | SUCCESS | getMessage: id=19c0aefa8f3099ad, format=metadata
2026-01-30 01:44:43 | INFO | READ | SUCCESS | getMessage: id=19c0adab6b309590, format=metadata
2026-01-30 01:44:43 | INFO | READ | SUCCESS | getMessage: id=19c0acde0f8c6209, format=metadata
2026-01-30 01:44:43 | INFO | READ | SUCCESS | getMessage: id=19c0ac982bb58562, format=metadata
2026-01-30 01:44:43 | INFO | READ | SUCCESS | getMessage: id=19c0ac5d07a9ece6, format=metadata
2026-01-30 01:44:43 | INFO | READ | SUCCESS | getMessage: id=19c0ac5003ea7d45, format=metadata
2026-01-30 01:44:44 | INFO | READ | SUCCESS | getMessage: id=19c0aa02af193fe4, format=metadata
2026-01-30 01:44:44 | INFO | READ | SUCCESS | getMessage: id=19c0a9c054fd5092, format=metadata
2026-01-30 01:44:44 | INFO | READ | SUCCESS | getMessage: id=19c0a97372607aeb, format=metadata
2026-01-30 01:44:44 | INFO | READ | SUCCESS | getMessage: id=19c0a906e8960fe2, format=metadata
2026-01-30 01:44:44 | INFO | READ | SUCCESS | getMessage: id=19c0a86ecce2ce73, format=metadata
2026-01-30 01:44:45 | INFO | READ | SUCCESS | getMessage: id=19c0a78099e03441, format=metadata
2026-01-30 01:44:45 | INFO | READ | SUCCESS | getMessage: id=19c0a73cecaf0d3f, format=metadata
2026-01-30 01:44:45 | INFO | READ | SUCCESS | getMessage: id=19c0a71814d85470, format=metadata
2026-01-30 01:44:45 | INFO | READ | SUCCESS | getMessage: id=19c0a502ba7e05d0, format=metadata
2026-01-30 01:44:45 | INFO | READ | SUCCESS | getMessage: id=19c0a4f7b9dbd09b, format=metadata
2026-01-30 01:44:46 | INFO | READ | SUCCESS | getMessage: id=19c0a4f0e10e1bd0, format=metadata
2026-01-30 01:44:46 | INFO | READ | SUCCESS | getMessage: id=19c0a4d952a781d4, format=metadata
2026-01-30 01:44:46 | INFO | READ | SUCCESS | getMessage: id=19c0a4bd870b8779, format=metadata
2026-01-30 01:44:46 | INFO | READ | SUCCESS | getMessage: id=19c0a3d02f94ec3c, format=metadata
2026-01-30 01:44:46 | INFO | READ | SUCCESS | getMessage: id=19c0a3ce72f593a3, format=metadata
2026-01-30 01:44:47 | INFO | READ | SUCCESS | getMessage: id=19c0a3c869761d6e, format=metadata
2026-01-30 01:44:47 | INFO | READ | SUCCESS | getMessage: id=19c0a37dc8c940bd, format=metadata
2026-01-30 01:44:47 | INFO | READ | SUCCESS | getMessage: id=19c0a2b33c92543f, format=metadata
2026-01-30 01:44:47 | INFO | READ | SUCCESS | getMessage: id=19c0a0f11da754cb, format=metadata
2026-01-30 01:44:47 | INFO | READ | SUCCESS | getMessage: id=19c0a0f0bf876b3f, format=metadata
2026-01-30 01:44:47 | INFO | READ | SUCCESS | getMessage: id=19c0a0e8a72b5dd7, format=metadata
2026-01-30 01:44:48 | INFO | READ | SUCCESS | getMessage: id=19c0a0e631daede6, format=metadata
2026-01-30 01:44:48 | INFO | READ | SUCCESS | getMessage: id=19c0a0ce947421be, format=metadata
2026-01-30 01:44:48 | INFO | READ | SUCCESS | getMessage: id=19c0a0c98c9e4ee0, format=metadata
2026-01-30 01:44:48 | INFO | READ | SUCCESS | getMessage: id=19c0a0b8d5e6738f, format=metadata
2026-01-30 01:44:48 | INFO | READ | SUCCESS | getMessage: id=19c0a073ed50bd09, format=metadata
2026-01-30 01:44:49 | INFO | READ | SUCCESS | getMessage: id=19c0a0708ca85aa5, format=metadata
2026-01-30 01:44:49 | INFO | READ | SUCCESS | getMessage: id=19c0a06051409265, format=metadata
2026-01-30 01:44:49 | INFO | READ | SUCCESS | getMessage: id=19c0a04cfa6a2692, format=metadata
2026-01-30 01:44:49 | INFO | READ | SUCCESS | getMessage: id=19c0a04377548ac0, format=metadata
2026-01-30 01:44:49 | INFO | READ | SUCCESS | getMessage: id=19c0a03689b67147, format=metadata
2026-01-30 01:44:49 | INFO | READ | SUCCESS | getMessage: id=19c0a035c2f062a4, format=metadata
2026-01-30 01:44:50 | INFO | READ | SUCCESS | getMessage: id=19c09ecbd3b0b9fd, format=metadata
2026-01-30 01:44:50 | INFO | READ | SUCCESS | getMessage: id=19c09eb38f59c30b, format=metadata
2026-01-30 01:44:50 | INFO | READ | SUCCESS | getMessage: id=19c09e4fa429bf19, format=metadata
2026-01-30 01:44:50 | INFO | READ | SUCCESS | getMessage: id=19c09dea25c5720e, format=metadata
2026-01-30 01:44:50 | INFO | READ | SUCCESS | getMessage: id=19c09dc26f978dab, format=metadata
2026-01-30 01:44:51 | INFO | READ | SUCCESS | getMessage: id=19c09d9d4975adc3, format=metadata
2026-01-30 01:44:51 | INFO | READ | SUCCESS | getMessage: id=19c09d576fe04011, format=metadata
2026-01-30 01:44:51 | INFO | READ | SUCCESS | getMessage: id=19c09cba28993397, format=metadata
2026-01-30 01:44:51 | INFO | READ | SUCCESS | getMessage: id=19c098c1a4e7a158, format=metadata
2026-01-30 01:44:51 | INFO | READ | SUCCESS | getMessage: id=19c098bff946a269, format=metadata
2026-01-30 01:44:51 | INFO | READ | SUCCESS | getMessage: id=19c0987d9ae86821, format=metadata
2026-01-30 01:44:52 | INFO | READ | SUCCESS | getMessage: id=19c090d6ff423ea6, format=metadata
2026-01-30 01:44:52 | INFO | READ | SUCCESS | getMessage: id=19c090c5791fed74, format=metadata
2026-01-30 01:44:52 | INFO | READ | SUCCESS | getMessage: id=19c08fb9acff7235, format=metadata
2026-01-30 22:52:55 | INFO | INIT | SUCCESS | Gmail client initialized (read-only mode)
2026-01-30 22:52:56 | INFO | READ | SUCCESS | listThreads: 5 threads returned
2026-01-30 22:53:27 | INFO | INIT | SUCCESS | Gmail client initialized (read-only mode)
2026-01-30 22:53:28 | INFO | READ | SUCCESS | listThreads: 20 threads returned
2026-01-31 12:24:56 | INFO | INIT | SUCCESS | Gmail client initialized (read-only mode)
2026-01-31 12:24:56 | INFO | READ | SUCCESS | listThreads: 50 threads returned
2026-01-31 12:25:25 | INFO | INIT | SUCCESS | Gmail client initialized (read-only mode)
2026-01-31 12:25:25 | INFO | READ | SUCCESS | listThreads: 26 threads returned
2026-01-31 12:35:01 | INFO | INIT | SUCCESS | Gmail client initialized (read-only mode)
2026-01-31 12:35:02 | INFO | READ | SUCCESS | listThreads: 48 threads returned
2026-01-31 12:35:22 | INFO | INIT | SUCCESS | Gmail client initialized (read-only mode)
2026-01-31 12:49:26 | INFO | INIT | SUCCESS | Gmail client initialized (read-only mode)
2026-01-31 12:49:26 | INFO | READ | SUCCESS | listThreads: 50 threads returned
2026-01-31 12:49:42 | INFO | INIT | SUCCESS | Gmail client initialized (read-only mode)
2026-01-31 12:50:38 | INFO | INIT | SUCCESS | Gmail client initialized (read-only mode)
2026-01-31 12:50:38 | INFO | READ | SUCCESS | listThreads: 50 threads returned
2026-01-31 13:22:36 | INFO | INIT | SUCCESS | Gmail client initialized (read-only mode)
2026-01-31 13:22:36 | INFO | READ | SUCCESS | listThreads: 8 threads returned
2026-01-31 13:24:01 | INFO | INIT | SUCCESS | Gmail client initialized (read-only mode)
2026-01-31 13:24:02 | INFO | READ | SUCCESS | listThreads: 10 threads returned
2026-01-31 13:24:03 | INFO | READ | SUCCESS | listThreads: 4 threads returned
2026-01-31 13:24:04 | INFO | READ | SUCCESS | listThreads: 10 threads returned
2026-01-31 13:24:05 | INFO | READ | SUCCESS | listThreads: 10 threads returned
2026-01-31 13:24:06 | INFO | READ | SUCCESS | listThreads: 10 threads returned
